  [1m[36m (0.0ms)[0m  [1mselect sqlite_version(*)[0m
  [1m[35m (100.8ms)[0m  CREATE TABLE "schema_migrations" ("version" varchar(255) NOT NULL) 
  [1m[36m (0.0ms)[0m  [1mPRAGMA index_list("schema_migrations")[0m
  [1m[35m (76.7ms)[0m  CREATE UNIQUE INDEX "unique_schema_migrations" ON "schema_migrations" ("version")
  [1m[36m (0.2ms)[0m  [1mselect sqlite_version(*)[0m
  [1m[35m (0.1ms)[0m  SELECT "schema_migrations"."version" FROM "schema_migrations" 
  [1m[36m (0.1ms)[0m  [1mSELECT "schema_migrations"."version" FROM "schema_migrations" [0m
Migrating to CreateMessages (20120516143423)
  [1m[35m (0.0ms)[0m  select sqlite_version(*)
  [1m[36m (0.4ms)[0m  [1mCREATE TABLE "messages" ("id" INTEGER PRIMARY KEY AUTOINCREMENT NOT NULL, "content" varchar(255), "username" varchar(255), "created_at" datetime, "updated_at" datetime) [0m
  [1m[35m (0.1ms)[0m  INSERT INTO "schema_migrations" ("version") VALUES ('20120516143423')
  [1m[36m (0.3ms)[0m  [1mselect sqlite_version(*)[0m
  [1m[35m (0.1ms)[0m  SELECT "schema_migrations"."version" FROM "schema_migrations" 
  [1m[36m (0.0ms)[0m  [1mPRAGMA index_list("messages")[0m
  [1m[36m (0.1ms)[0m  [1mSELECT "schema_migrations"."version" FROM "schema_migrations" [0m
Migrating to CreateMessages (20120516143423)
Migrating to DeviseCreateUsers (20120516143641)
  [1m[35m (0.0ms)[0m  select sqlite_version(*)
  [1m[36m (0.5ms)[0m  [1mCREATE TABLE "users" ("id" INTEGER PRIMARY KEY AUTOINCREMENT NOT NULL, "email" varchar(255) DEFAULT '' NOT NULL, "encrypted_password" varchar(255) DEFAULT '' NOT NULL, "reset_password_token" varchar(255), "reset_password_sent_at" datetime, "remember_created_at" datetime, "sign_in_count" integer DEFAULT 0, "current_sign_in_at" datetime, "last_sign_in_at" datetime, "current_sign_in_ip" varchar(255), "last_sign_in_ip" varchar(255), "created_at" datetime, "updated_at" datetime) [0m
  [1m[35m (0.0ms)[0m  PRAGMA index_list("users")
  [1m[36m (0.2ms)[0m  [1mCREATE UNIQUE INDEX "index_users_on_email" ON "users" ("email")[0m
  [1m[35m (0.0ms)[0m  PRAGMA index_list("users")
  [1m[36m (0.0ms)[0m  [1mPRAGMA index_info('index_users_on_email')[0m
  [1m[35m (0.1ms)[0m  CREATE UNIQUE INDEX "index_users_on_reset_password_token" ON "users" ("reset_password_token")
  [1m[36m (0.1ms)[0m  [1mINSERT INTO "schema_migrations" ("version") VALUES ('20120516143641')[0m
  [1m[35m (0.3ms)[0m  select sqlite_version(*)
  [1m[36m (0.1ms)[0m  [1mSELECT "schema_migrations"."version" FROM "schema_migrations" [0m
  [1m[35m (0.0ms)[0m  PRAGMA index_list("messages")
  [1m[36m (0.0ms)[0m  [1mPRAGMA index_list("users")[0m
  [1m[35m (0.0ms)[0m  PRAGMA index_info('index_users_on_reset_password_token')
  [1m[36m (0.0ms)[0m  [1mPRAGMA index_info('index_users_on_email')[0m
  [1m[36m (0.1ms)[0m  [1mSELECT "schema_migrations"."version" FROM "schema_migrations" [0m
Migrating to CreateMessages (20120516143423)
Migrating to DeviseCreateUsers (20120516143641)
Migrating to AddUsernameColumnToUsers (20120516143843)
  [1m[35m (0.0ms)[0m  select sqlite_version(*)
  [1m[36m (0.4ms)[0m  [1mALTER TABLE "users" ADD "username" varchar(255)[0m
  [1m[35m (0.1ms)[0m  INSERT INTO "schema_migrations" ("version") VALUES ('20120516143843')
  [1m[36m (0.3ms)[0m  [1mselect sqlite_version(*)[0m
  [1m[35m (0.1ms)[0m  SELECT "schema_migrations"."version" FROM "schema_migrations" 
  [1m[36m (0.0ms)[0m  [1mPRAGMA index_list("messages")[0m
  [1m[35m (0.0ms)[0m  PRAGMA index_list("users")
  [1m[36m (0.0ms)[0m  [1mPRAGMA index_info('index_users_on_reset_password_token')[0m
  [1m[35m (0.0ms)[0m  PRAGMA index_info('index_users_on_email')


Started GET "/" for 127.0.0.1 at 2012-05-16 20:22:06 +0530
  Processing by HomeController#index as HTML
Rendered home/index.html.erb within layouts/application (37.7ms)
Compiled application.css  (1ms)  (pid 14684)
Compiled home.css  (8ms)  (pid 14684)
Compiled messages.css  (0ms)  (pid 14684)
Compiled scaffolds.css  (40ms)  (pid 14684)
Compiled welcome.css  (1ms)  (pid 14684)
Compiled application.js  (33ms)  (pid 14684)
Compiled jquery.js  (64ms)  (pid 14684)
Compiled jquery_ujs.js  (20ms)  (pid 14684)
Compiled jquery-ui.js  (62ms)  (pid 14684)
Compiled welcome.js  (0ms)  (pid 14684)
Completed 200 OK in 519ms (Views: 518.5ms | ActiveRecord: 0.0ms)


Started GET "/assets/application.css?body=1" for 127.0.0.1 at 2012-05-16 20:22:07 +0530
Served asset /application.css - 200 OK (2ms)


Started GET "/assets/scaffolds.css?body=1" for 127.0.0.1 at 2012-05-16 20:22:07 +0530
Served asset /scaffolds.css - 200 OK (5ms)


Started GET "/assets/home.css?body=1" for 127.0.0.1 at 2012-05-16 20:22:07 +0530
Served asset /home.css - 200 OK (3ms)


Started GET "/assets/welcome.css?body=1" for 127.0.0.1 at 2012-05-16 20:22:07 +0530
Served asset /welcome.css - 200 OK (2ms)


Started GET "/assets/messages.css?body=1" for 127.0.0.1 at 2012-05-16 20:22:07 +0530
Served asset /messages.css - 200 OK (2ms)


Started GET "/assets/jquery.js?body=1" for 127.0.0.1 at 2012-05-16 20:22:07 +0530
Served asset /jquery.js - 200 OK (7ms)


Started GET "/assets/jquery_ujs.js?body=1" for 127.0.0.1 at 2012-05-16 20:22:07 +0530
Served asset /jquery_ujs.js - 200 OK (3ms)


Started GET "/assets/jquery-ui.js?body=1" for 127.0.0.1 at 2012-05-16 20:22:07 +0530
Served asset /jquery-ui.js - 200 OK (45ms)


Started GET "/assets/welcome.js?body=1" for 127.0.0.1 at 2012-05-16 20:22:07 +0530
Served asset /welcome.js - 200 OK (1ms)


Started GET "/assets/application.js?body=1" for 127.0.0.1 at 2012-05-16 20:22:07 +0530
Served asset /application.js - 200 OK (5ms)


Started GET "/users/sign_in" for 127.0.0.1 at 2012-05-16 20:22:10 +0530
  Processing by Users::SessionsController#new as HTML
Rendered /usr/local/lib/ruby/gems/1.9.1/gems/devise-2.1.0/app/views/devise/shared/_links.erb (1.5ms)
Rendered users/sessions/new.html.erb within layouts/application (102.2ms)
Completed 200 OK in 355ms (Views: 108.5ms | ActiveRecord: 1.1ms)


Started GET "/assets/application.css?body=1" for 127.0.0.1 at 2012-05-16 20:22:10 +0530
Served asset /application.css - 304 Not Modified (0ms)


Started GET "/assets/home.css?body=1" for 127.0.0.1 at 2012-05-16 20:22:10 +0530
Served asset /home.css - 304 Not Modified (0ms)


Started GET "/assets/messages.css?body=1" for 127.0.0.1 at 2012-05-16 20:22:10 +0530
Served asset /messages.css - 304 Not Modified (0ms)


Started GET "/assets/scaffolds.css?body=1" for 127.0.0.1 at 2012-05-16 20:22:10 +0530
Served asset /scaffolds.css - 304 Not Modified (0ms)


Started GET "/assets/welcome.css?body=1" for 127.0.0.1 at 2012-05-16 20:22:10 +0530
Served asset /welcome.css - 304 Not Modified (0ms)


Started GET "/assets/jquery.js?body=1" for 127.0.0.1 at 2012-05-16 20:22:10 +0530
Served asset /jquery.js - 304 Not Modified (0ms)


Started GET "/assets/jquery_ujs.js?body=1" for 127.0.0.1 at 2012-05-16 20:22:10 +0530
Served asset /jquery_ujs.js - 304 Not Modified (0ms)


Started GET "/assets/welcome.js?body=1" for 127.0.0.1 at 2012-05-16 20:22:10 +0530
Served asset /welcome.js - 304 Not Modified (0ms)


Started GET "/assets/jquery-ui.js?body=1" for 127.0.0.1 at 2012-05-16 20:22:10 +0530
Served asset /jquery-ui.js - 304 Not Modified (0ms)


Started GET "/assets/application.js?body=1" for 127.0.0.1 at 2012-05-16 20:22:10 +0530
Served asset /application.js - 304 Not Modified (0ms)


Started GET "/users/sign_up" for 127.0.0.1 at 2012-05-16 20:22:14 +0530
  Processing by Users::RegistrationsController#new as HTML
Rendered /usr/local/lib/ruby/gems/1.9.1/gems/devise-2.1.0/app/views/devise/shared/_links.erb (0.8ms)
Rendered users/registrations/new.html.erb within layouts/application (14.2ms)
Completed 200 OK in 70ms (Views: 21.8ms | ActiveRecord: 0.6ms)


Started GET "/assets/application.css?body=1" for 127.0.0.1 at 2012-05-16 20:22:14 +0530
Served asset /application.css - 304 Not Modified (0ms)


Started GET "/assets/home.css?body=1" for 127.0.0.1 at 2012-05-16 20:22:14 +0530
Served asset /home.css - 304 Not Modified (0ms)


Started GET "/assets/jquery-ui.js?body=1" for 127.0.0.1 at 2012-05-16 20:22:14 +0530
Served asset /jquery-ui.js - 304 Not Modified (0ms)


Started GET "/assets/scaffolds.css?body=1" for 127.0.0.1 at 2012-05-16 20:22:14 +0530
Served asset /scaffolds.css - 304 Not Modified (0ms)


Started GET "/assets/welcome.css?body=1" for 127.0.0.1 at 2012-05-16 20:22:14 +0530
Served asset /welcome.css - 304 Not Modified (0ms)


Started GET "/assets/jquery.js?body=1" for 127.0.0.1 at 2012-05-16 20:22:14 +0530
Served asset /jquery.js - 304 Not Modified (0ms)


Started GET "/assets/jquery_ujs.js?body=1" for 127.0.0.1 at 2012-05-16 20:22:14 +0530
Served asset /jquery_ujs.js - 304 Not Modified (0ms)


Started GET "/assets/welcome.js?body=1" for 127.0.0.1 at 2012-05-16 20:22:14 +0530
Served asset /welcome.js - 304 Not Modified (0ms)


Started GET "/assets/application.js?body=1" for 127.0.0.1 at 2012-05-16 20:22:14 +0530
Served asset /application.js - 304 Not Modified (0ms)


Started GET "/assets/messages.css?body=1" for 127.0.0.1 at 2012-05-16 20:22:14 +0530
Served asset /messages.css - 304 Not Modified (0ms)


Started POST "/users" for 127.0.0.1 at 2012-05-16 20:22:38 +0530
  Processing by Users::RegistrationsController#create as HTML
  Parameters: {"utf8"=>"✓", "authenticity_token"=>"ltqMzLMJagNQD5fiIm8iKOTh2EuSekhiHsWR2YWD168=", "user"=>{"email"=>"a@b.com", "username"=>"abhi", "password"=>"[FILTERED]", "password_confirmation"=>"[FILTERED]"}, "commit"=>"Sign up"}
  [1m[36m (0.1ms)[0m  [1mSELECT 1 FROM "users" WHERE "users"."email" = 'a@b.com' LIMIT 1[0m
  [1m[35m (0.0ms)[0m  SELECT 1 FROM "users" WHERE "users"."username" = 'abhi' LIMIT 1
  [1m[36mSQL (226.5ms)[0m  [1mINSERT INTO "users" ("created_at", "current_sign_in_at", "current_sign_in_ip", "email", "encrypted_password", "last_sign_in_at", "last_sign_in_ip", "remember_created_at", "reset_password_sent_at", "reset_password_token", "sign_in_count", "updated_at", "username") VALUES (?, ?, ?, ?, ?, ?, ?, ?, ?, ?, ?, ?, ?)[0m  [["created_at", Wed, 16 May 2012 14:52:39 UTC +00:00], ["current_sign_in_at", nil], ["current_sign_in_ip", nil], ["email", "a@b.com"], ["encrypted_password", "$2a$10$QQ2sgsV1cJN38C3oVahOSuK.XaJtF40quZPJW54fn4hGQq/jCGxKq"], ["last_sign_in_at", nil], ["last_sign_in_ip", nil], ["remember_created_at", nil], ["reset_password_sent_at", nil], ["reset_password_token", nil], ["sign_in_count", 0], ["updated_at", Wed, 16 May 2012 14:52:39 UTC +00:00], ["username", "abhi"]]
  [1m[35m (0.3ms)[0m  UPDATE "users" SET "last_sign_in_at" = '2012-05-16 14:52:39.505808', "current_sign_in_at" = '2012-05-16 14:52:39.505808', "last_sign_in_ip" = '127.0.0.1', "current_sign_in_ip" = '127.0.0.1', "sign_in_count" = 1, "updated_at" = '2012-05-16 14:52:39.506203' WHERE "users"."id" = 1
Redirected to http://localhost:3000/welcome/index
Completed 302 Found in 1123ms


Started GET "/welcome/index" for 127.0.0.1 at 2012-05-16 20:22:39 +0530
  Processing by WelcomeController#index as HTML
  [1m[36mUser Load (0.1ms)[0m  [1mSELECT "users".* FROM "users" WHERE "users"."id" = 1 LIMIT 1[0m
  [1m[35mMessage Load (0.1ms)[0m  SELECT "messages".* FROM "messages" 
Rendered collection (0.0ms)
Rendered welcome/index.html.erb within layouts/application (5.8ms)
Completed 200 OK in 308ms (Views: 11.6ms | ActiveRecord: 1.3ms)


Started GET "/assets/application.css?body=1" for 127.0.0.1 at 2012-05-16 20:22:40 +0530
Served asset /application.css - 304 Not Modified (0ms)


Started GET "/assets/home.css?body=1" for 127.0.0.1 at 2012-05-16 20:22:40 +0530
Served asset /home.css - 304 Not Modified (0ms)


Started GET "/assets/messages.css?body=1" for 127.0.0.1 at 2012-05-16 20:22:40 +0530
Served asset /messages.css - 304 Not Modified (0ms)


Started GET "/assets/welcome.css?body=1" for 127.0.0.1 at 2012-05-16 20:22:40 +0530
Served asset /welcome.css - 304 Not Modified (0ms)


Started GET "/assets/scaffolds.css?body=1" for 127.0.0.1 at 2012-05-16 20:22:40 +0530
Served asset /scaffolds.css - 304 Not Modified (0ms)


Started GET "/assets/jquery.js?body=1" for 127.0.0.1 at 2012-05-16 20:22:40 +0530
Served asset /jquery.js - 304 Not Modified (0ms)


Started GET "/assets/application.js?body=1" for 127.0.0.1 at 2012-05-16 20:22:40 +0530
Served asset /application.js - 304 Not Modified (0ms)


Started GET "/assets/jquery-ui.js?body=1" for 127.0.0.1 at 2012-05-16 20:22:40 +0530
Served asset /jquery-ui.js - 304 Not Modified (0ms)


Started GET "/assets/welcome.js?body=1" for 127.0.0.1 at 2012-05-16 20:22:40 +0530
Served asset /welcome.js - 304 Not Modified (0ms)


Started GET "/assets/jquery_ujs.js?body=1" for 127.0.0.1 at 2012-05-16 20:22:40 +0530
Served asset /jquery_ujs.js - 304 Not Modified (0ms)


Started POST "/messages" for 127.0.0.1 at 2012-05-16 20:22:45 +0530
  Processing by MessagesController#create as JS
  Parameters: {"utf8"=>"✓", "authenticity_token"=>"ltqMzLMJagNQD5fiIm8iKOTh2EuSekhiHsWR2YWD168=", "message"=>{"username"=>"abhi", "content"=>"hi"}, "commit"=>"Send"}
  [1m[36mSQL (0.4ms)[0m  [1mINSERT INTO "messages" ("content", "created_at", "updated_at", "username") VALUES (?, ?, ?, ?)[0m  [["content", "hi"], ["created_at", Wed, 16 May 2012 14:52:45 UTC +00:00], ["updated_at", Wed, 16 May 2012 14:52:45 UTC +00:00], ["username", "abhi"]]
Rendered messages/_message.html.erb (0.3ms)
Rendered messages/create.js.erb (4.9ms)
Completed 200 OK in 211ms (Views: 15.3ms | ActiveRecord: 0.6ms)


Started DELETE "/users/sign_out" for 127.0.0.1 at 2012-05-16 20:22:51 +0530
  Processing by Users::SessionsController#destroy as HTML
  Parameters: {"authenticity_token"=>"ltqMzLMJagNQD5fiIm8iKOTh2EuSekhiHsWR2YWD168="}
  [1m[35mUser Load (0.1ms)[0m  SELECT "users".* FROM "users" WHERE "users"."id" = 1 LIMIT 1
Redirected to http://localhost:3000/
Completed 302 Found in 111ms


Started GET "/" for 127.0.0.1 at 2012-05-16 20:22:51 +0530
  Processing by HomeController#index as HTML
Rendered home/index.html.erb within layouts/application (0.7ms)
Completed 200 OK in 14ms (Views: 13.4ms | ActiveRecord: 0.0ms)


Started GET "/assets/application.css?body=1" for 127.0.0.1 at 2012-05-16 20:22:51 +0530
Served asset /application.css - 304 Not Modified (0ms)


Started GET "/assets/messages.css?body=1" for 127.0.0.1 at 2012-05-16 20:22:51 +0530
Served asset /messages.css - 304 Not Modified (0ms)


Started GET "/assets/jquery.js?body=1" for 127.0.0.1 at 2012-05-16 20:22:51 +0530
Served asset /jquery.js - 304 Not Modified (0ms)


Started GET "/assets/home.css?body=1" for 127.0.0.1 at 2012-05-16 20:22:51 +0530
Served asset /home.css - 304 Not Modified (0ms)


Started GET "/assets/welcome.css?body=1" for 127.0.0.1 at 2012-05-16 20:22:51 +0530
Served asset /welcome.css - 304 Not Modified (0ms)


Started GET "/assets/scaffolds.css?body=1" for 127.0.0.1 at 2012-05-16 20:22:51 +0530
Served asset /scaffolds.css - 304 Not Modified (0ms)


Started GET "/assets/jquery_ujs.js?body=1" for 127.0.0.1 at 2012-05-16 20:22:51 +0530
Served asset /jquery_ujs.js - 304 Not Modified (0ms)


Started GET "/assets/application.js?body=1" for 127.0.0.1 at 2012-05-16 20:22:51 +0530
Served asset /application.js - 304 Not Modified (0ms)


Started GET "/assets/jquery-ui.js?body=1" for 127.0.0.1 at 2012-05-16 20:22:51 +0530
Served asset /jquery-ui.js - 304 Not Modified (0ms)


Started GET "/assets/welcome.js?body=1" for 127.0.0.1 at 2012-05-16 20:22:51 +0530
Served asset /welcome.js - 304 Not Modified (0ms)
